#
# There is insufficient memory for the Java Runtime Environment to continue.
# Native memory allocation (malloc) failed to allocate 1484176 bytes for Chunk::new
# Possible reasons:
#   The system is out of physical RAM or swap space
#   The process is running with CompressedOops enabled, and the Java Heap may be blocking the growth of the native heap
# Possible solutions:
#   Reduce memory load on the system
#   Increase physical memory or swap space
#   Check if swap backing store is full
#   Decrease Java heap size (-Xmx/-Xms)
#   Decrease number of Java threads
#   Decrease Java thread stack sizes (-Xss)
#   Set larger code cache with -XX:ReservedCodeCacheSize=
#   JVM is running with Unscaled Compressed Oops mode in which the Java heap is
#     placed in the first 4GB address space. The Java Heap base address is the
#     maximum limit for the native heap growth. Please use -XX:HeapBaseMinAddress
#     to set the Java Heap base and to place the Java Heap above 4GB virtual address.
# This output file may be truncated or incomplete.
#
#  Out of Memory Error (allocation.cpp:389), pid=3764, tid=0x00000000000042ac
#
# JRE version: Java(TM) SE Runtime Environment (8.0_211-b12) (build 1.8.0_211-b12)
# Java VM: Java HotSpot(TM) 64-Bit Server VM (25.211-b12 mixed mode windows-amd64 compressed oops)
# Failed to write core dump. Minidumps are not enabled by default on client versions of Windows
#

---------------  T H R E A D  ---------------

Current thread (0x0000000014e8d000):  JavaThread "C2 CompilerThread1" daemon [_thread_in_native, id=17068, stack(0x0000000016610000,0x0000000016710000)]

Stack: [0x0000000016610000,0x0000000016710000]
[error occurred during error reporting (printing stack bounds), id 0xc0000005]

Native frames: (J=compiled Java code, j=interpreted, Vv=VM code, C=native code)


Current CompileTask:
C2:  15999 4540   !   4       org.springframework.core.annotation.AnnotatedElementUtils::searchWithFindSemantics (697 bytes)


---------------  P R O C E S S  ---------------

Java Threads: ( => current thread )
  0x0000000017d02800 JavaThread "CleanCursors-2-thread-1" daemon [_thread_blocked, id=14028, stack(0x0000000020560000,0x0000000020660000)]
  0x0000000017cfc800 JavaThread "cluster-ClusterId{value='5dd1d372ab4a401b830c573e', description='null'}-ekodb-shard-00-02-rroku.gcp.mongodb.net:27017" daemon [_thread_in_native, id=16148, stack(0x000000001f3e0000,0x000000001f4e0000)]
  0x0000000017d02000 JavaThread "cluster-ClusterId{value='5dd1d372ab4a401b830c573e', description='null'}-ekodb-shard-00-01-rroku.gcp.mongodb.net:27017" daemon [_thread_in_native, id=2312, stack(0x000000001f2e0000,0x000000001f3e0000)]
  0x0000000017d01000 JavaThread "cluster-ClusterId{value='5dd1d372ab4a401b830c573e', description='null'}-ekodb-shard-00-00-rroku.gcp.mongodb.net:27017" daemon [_thread_in_native, id=17448, stack(0x000000001f1e0000,0x000000001f2e0000)]
  0x0000000017cff800 JavaThread "DestroyJavaVM" [_thread_blocked, id=1968, stack(0x0000000002710000,0x0000000002810000)]
  0x0000000017cf9800 JavaThread "http-nio-8080-AsyncTimeout" daemon [_thread_blocked, id=4244, stack(0x000000001eee0000,0x000000001efe0000)]
  0x0000000017cff000 JavaThread "http-nio-8080-Acceptor-0" daemon [_thread_in_native, id=1572, stack(0x000000001ede0000,0x000000001eee0000)]
  0x0000000017cfe000 JavaThread "http-nio-8080-ClientPoller-1" daemon [_thread_in_native, id=12988, stack(0x000000001ece0000,0x000000001ede0000)]
  0x0000000017cfb000 JavaThread "http-nio-8080-ClientPoller-0" daemon [_thread_in_native, id=18224, stack(0x000000001ebe0000,0x000000001ece0000)]
  0x0000000017cfa800 JavaThread "http-nio-8080-exec-10" daemon [_thread_blocked, id=11196, stack(0x000000001eae0000,0x000000001ebe0000)]
  0x0000000017d00800 JavaThread "http-nio-8080-exec-9" daemon [_thread_blocked, id=17820, stack(0x000000001e9e0000,0x000000001eae0000)]
  0x0000000017cfd800 JavaThread "http-nio-8080-exec-8" daemon [_thread_blocked, id=8344, stack(0x000000001e8e0000,0x000000001e9e0000)]
  0x0000000014e94800 JavaThread "http-nio-8080-exec-7" daemon [_thread_blocked, id=10768, stack(0x000000001e7e0000,0x000000001e8e0000)]
  0x0000000014e93800 JavaThread "http-nio-8080-exec-6" daemon [_thread_blocked, id=17504, stack(0x000000001e6e0000,0x000000001e7e0000)]
  0x0000000014e96000 JavaThread "http-nio-8080-exec-5" daemon [_thread_blocked, id=10368, stack(0x000000001e5e0000,0x000000001e6e0000)]
  0x0000000014e90800 JavaThread "http-nio-8080-exec-4" daemon [_thread_blocked, id=9704, stack(0x000000001e4e0000,0x000000001e5e0000)]
  0x0000000014e93000 JavaThread "http-nio-8080-exec-3" daemon [_thread_blocked, id=14472, stack(0x000000001e3e0000,0x000000001e4e0000)]
  0x000000001999a000 JavaThread "http-nio-8080-exec-2" daemon [_thread_blocked, id=7804, stack(0x000000001e0c0000,0x000000001e1c0000)]
  0x000000001b181800 JavaThread "http-nio-8080-exec-1" daemon [_thread_blocked, id=17944, stack(0x000000001dfc0000,0x000000001e0c0000)]
  0x0000000017034800 JavaThread "NioBlockingSelector.BlockPoller-1" daemon [_thread_in_native, id=15420, stack(0x000000001dec0000,0x000000001dfc0000)]
  0x000000001a54e000 JavaThread "CleanCursors-1-thread-1" daemon [_thread_blocked, id=8724, stack(0x000000001dcc0000,0x000000001ddc0000)]
  0x000000001adf8800 JavaThread "cluster-ClusterId{value='5dd1d36aab4a401b830c573d', description='null'}-localhost:27017" daemon [_thread_blocked, id=13252, stack(0x000000001dbc0000,0x000000001dcc0000)]
  0x0000000016f51800 JavaThread "container-0" [_thread_blocked, id=14928, stack(0x000000001d3e0000,0x000000001d4e0000)]
  0x000000001b7a7000 JavaThread "ContainerBackgroundProcessor[StandardEngine[Tomcat]]" daemon [_thread_blocked, id=12156, stack(0x000000001c290000,0x000000001c390000)]
  0x0000000016838800 JavaThread "Service Thread" daemon [_thread_blocked, id=11236, stack(0x0000000016c10000,0x0000000016d10000)]
  0x0000000014e91800 JavaThread "C1 CompilerThread2" daemon [_thread_blocked, id=17144, stack(0x0000000016710000,0x0000000016810000)]
=>0x0000000014e8d000 JavaThread "C2 CompilerThread1" daemon [_thread_in_native, id=17068, stack(0x0000000016610000,0x0000000016710000)]
  0x0000000014e86800 JavaThread "C2 CompilerThread0" daemon [_thread_in_native, id=14656, stack(0x0000000016510000,0x0000000016610000)]
  0x0000000014e84800 JavaThread "Attach Listener" daemon [_thread_blocked, id=11896, stack(0x0000000016410000,0x0000000016510000)]
  0x0000000014e83800 JavaThread "Signal Dispatcher" daemon [_thread_blocked, id=16092, stack(0x0000000016310000,0x0000000016410000)]
  0x0000000014e6f800 JavaThread "Finalizer" daemon [_thread_blocked, id=17724, stack(0x00000000160f0000,0x00000000161f0000)]
  0x0000000014e49000 JavaThread "Reference Handler" daemon [_thread_blocked, id=11152, stack(0x0000000015ff0000,0x00000000160f0000)]

Other Threads:
  0x0000000014e47800 VMThread [stack: 0x0000000015ef0000,0x0000000015ff0000] [id=13956]
  0x0000000016861000 WatcherThread [stack: 0x0000000016d10000,0x0000000016e10000] [id=10084]

VM state:not at safepoint (normal execution)

VM Mutex/Monitor currently owned by a thread: None

heap address: 0x00000000c2400000, size: 988 MB, Compressed Oops mode: 32-bit
Narrow klass base: 0x0000000000000000, Narrow klass shift: 3
Compressed class space size: 1073741824 Address: 0x0000000100000000

Heap:
 PSYoungGen      total 187904K, used 17407K [0x00000000eb700000, 0x00000000fc800000, 0x0000000100000000)
  eden space 173056K, 2% used [0x00000000eb700000,0x00000000ebb69af0,0x00000000f6000000)
  from space 14848K, 86% used [0x00000000f6000000,0x00000000f6c96508,0x00000000f6e80000)
  to   space 16384K, 0% used [0x00000000fb800000,0x00000000fb800000,0x00000000fc800000)
 ParOldGen       total 51712K, used 22419K [0x00000000c2400000, 0x00000000c5680000, 0x00000000eb700000)
  object space 51712K, 43% used [0x00000000c2400000,0x00000000c39e4e70,0x00000000c5680000)
 Metaspace       used 43192K, capacity 44822K, committed 44928K, reserved 1087488K
  class space    used 5627K, capacity 5945K, committed 6016K, reserved 1048576K

Card table byte_map: [0x0000000011cd0000,0x0000000011ec0000] byte_map_base: 0x00000000116be000

Marking Bits: (ParMarkBitMap*) 0x0000000058435ce0
 Begin Bits: [0x0000000012410000, 0x0000000013380000)
 End Bits:   [0x0000000013380000, 0x00000000142f0000)

Polling page: 0x0000000000ce0000

CodeCache: size=245760Kb used=14710Kb max_used=15239Kb free=231049Kb
 bounds [0x0000000002910000, 0x0000000003810000, 0x0000000011910000]
 total_blobs=4542 nmethods=4056 adapters=396
 compilation: enabled

Compilation events (10 events):
Event: 15.845 Thread 0x0000000014e91800 4669       3       java.util.ArrayList$SubList::<init> (46 bytes)
Event: 15.846 Thread 0x0000000014e91800 nmethod 4669 0x0000000003020910 code [0x0000000003020a80, 0x0000000003020d50]
Event: 15.846 Thread 0x0000000014e91800 4668       3       sun.security.util.AlgorithmDecomposer::decompose (336 bytes)
Event: 15.848 Thread 0x0000000014e91800 nmethod 4668 0x0000000003299ad0 code [0x0000000003299ec0, 0x000000000329c0a8]
Event: 15.848 Thread 0x0000000014e91800 4671       3       java.math.BigInteger::bitLength (140 bytes)
Event: 15.849 Thread 0x0000000014e91800 nmethod 4671 0x0000000002c27e10 code [0x0000000002c27fc0, 0x0000000002c28558]
Event: 15.849 Thread 0x0000000014e91800 4672       1       java.security.AlgorithmParameters::getAlgorithm (5 bytes)
Event: 15.849 Thread 0x0000000014e91800 nmethod 4672 0x0000000002d7fad0 code [0x0000000002d7fc20, 0x0000000002d7fd30]
Event: 15.850 Thread 0x0000000014e91800 4673       3       sun.security.ssl.SSLAlgorithmConstraints::permits (96 bytes)
Event: 15.851 Thread 0x0000000014e91800 nmethod 4673 0x0000000003298d50 code [0x0000000003298f40, 0x0000000003299718]

GC Heap History (10 events):
Event: 3.160 GC heap before
{Heap before GC invocations=9 (full 1):
 PSYoungGen      total 69632K, used 62464K [0x00000000eb700000, 0x00000000f4000000, 0x0000000100000000)
  eden space 62464K, 100% used [0x00000000eb700000,0x00000000ef400000,0x00000000ef400000)
  from space 7168K, 0% used [0x00000000ef400000,0x00000000ef400000,0x00000000efb00000)
  to   space 7680K, 0% used [0x00000000f3880000,0x00000000f3880000,0x00000000f4000000)
 ParOldGen       total 26624K, used 5348K [0x00000000c2400000, 0x00000000c3e00000, 0x00000000eb700000)
  object space 26624K, 20% used [0x00000000c2400000,0x00000000c2939000,0x00000000c3e00000)
 Metaspace       used 24946K, capacity 25678K, committed 25728K, reserved 1071104K
  class space    used 3268K, capacity 3431K, committed 3456K, reserved 1048576K
Event: 3.174 GC heap after
Heap after GC invocations=9 (full 1):
 PSYoungGen      total 123904K, used 7656K [0x00000000eb700000, 0x00000000f4000000, 0x0000000100000000)
  eden space 116224K, 0% used [0x00000000eb700000,0x00000000eb700000,0x00000000f2880000)
  from space 7680K, 99% used [0x00000000f3880000,0x00000000f3ffa128,0x00000000f4000000)
  to   space 10240K, 0% used [0x00000000f2c00000,0x00000000f2c00000,0x00000000f3600000)
 ParOldGen       total 26624K, used 9119K [0x00000000c2400000, 0x00000000c3e00000, 0x00000000eb700000)
  object space 26624K, 34% used [0x00000000c2400000,0x00000000c2ce7ec8,0x00000000c3e00000)
 Metaspace       used 24946K, capacity 25678K, committed 25728K, reserved 1071104K
  class space    used 3268K, capacity 3431K, committed 3456K, reserved 1048576K
}
Event: 5.010 GC heap before
{Heap before GC invocations=10 (full 1):
 PSYoungGen      total 123904K, used 123841K [0x00000000eb700000, 0x00000000f4000000, 0x0000000100000000)
  eden space 116224K, 99% used [0x00000000eb700000,0x00000000f28765c8,0x00000000f2880000)
  from space 7680K, 99% used [0x00000000f3880000,0x00000000f3ffa128,0x00000000f4000000)
  to   space 10240K, 0% used [0x00000000f2c00000,0x00000000f2c00000,0x00000000f3600000)
 ParOldGen       total 26624K, used 9119K [0x00000000c2400000, 0x00000000c3e00000, 0x00000000eb700000)
  object space 26624K, 34% used [0x00000000c2400000,0x00000000c2ce7ec8,0x00000000c3e00000)
 Metaspace       used 31192K, capacity 32362K, committed 32512K, reserved 1077248K
  class space    used 4043K, capacity 4281K, committed 4352K, reserved 1048576K
Event: 5.036 GC heap after
Heap after GC invocations=10 (full 1):
 PSYoungGen      total 130048K, used 10234K [0x00000000eb700000, 0x00000000f7c00000, 0x0000000100000000)
  eden space 119808K, 0% used [0x00000000eb700000,0x00000000eb700000,0x00000000f2c00000)
  from space 10240K, 99% used [0x00000000f2c00000,0x00000000f35fe8c0,0x00000000f3600000)
  to   space 13824K, 0% used [0x00000000f6e80000,0x00000000f6e80000,0x00000000f7c00000)
 ParOldGen       total 26624K, used 14848K [0x00000000c2400000, 0x00000000c3e00000, 0x00000000eb700000)
  object space 26624K, 55% used [0x00000000c2400000,0x00000000c3280300,0x00000000c3e00000)
 Metaspace       used 31192K, capacity 32362K, committed 32512K, reserved 1077248K
  class space    used 4043K, capacity 4281K, committed 4352K, reserved 1048576K
}
Event: 6.325 GC heap before
{Heap before GC invocations=11 (full 1):
 PSYoungGen      total 130048K, used 130042K [0x00000000eb700000, 0x00000000f7c00000, 0x0000000100000000)
  eden space 119808K, 100% used [0x00000000eb700000,0x00000000f2c00000,0x00000000f2c00000)
  from space 10240K, 99% used [0x00000000f2c00000,0x00000000f35fe8c0,0x00000000f3600000)
  to   space 13824K, 0% used [0x00000000f6e80000,0x00000000f6e80000,0x00000000f7c00000)
 ParOldGen       total 26624K, used 14848K [0x00000000c2400000, 0x00000000c3e00000, 0x00000000eb700000)
  object space 26624K, 55% used [0x00000000c2400000,0x00000000c3280300,0x00000000c3e00000)
 Metaspace       used 33552K, capacity 34942K, committed 35200K, reserved 1079296K
  class space    used 4378K, capacity 4623K, committed 4736K, reserved 1048576K
Event: 6.341 GC heap after
Heap after GC invocations=11 (full 1):
 PSYoungGen      total 186880K, used 10934K [0x00000000eb700000, 0x00000000f8100000, 0x0000000100000000)
  eden space 173056K, 0% used [0x00000000eb700000,0x00000000eb700000,0x00000000f6000000)
  from space 13824K, 79% used [0x00000000f6e80000,0x00000000f792da18,0x00000000f7c00000)
  to   space 14848K, 0% used [0x00000000f6000000,0x00000000f6000000,0x00000000f6e80000)
 ParOldGen       total 26624K, used 20479K [0x00000000c2400000, 0x00000000c3e00000, 0x00000000eb700000)
  object space 26624K, 76% used [0x00000000c2400000,0x00000000c37ffd80,0x00000000c3e00000)
 Metaspace       used 33552K, capacity 34942K, committed 35200K, reserved 1079296K
  class space    used 4378K, capacity 4623K, committed 4736K, reserved 1048576K
}
Event: 6.341 GC heap before
{Heap before GC invocations=12 (full 2):
 PSYoungGen      total 186880K, used 10934K [0x00000000eb700000, 0x00000000f8100000, 0x0000000100000000)
  eden space 173056K, 0% used [0x00000000eb700000,0x00000000eb700000,0x00000000f6000000)
  from space 13824K, 79% used [0x00000000f6e80000,0x00000000f792da18,0x00000000f7c00000)
  to   space 14848K, 0% used [0x00000000f6000000,0x00000000f6000000,0x00000000f6e80000)
 ParOldGen       total 26624K, used 20479K [0x00000000c2400000, 0x00000000c3e00000, 0x00000000eb700000)
  object space 26624K, 76% used [0x00000000c2400000,0x00000000c37ffd80,0x00000000c3e00000)
 Metaspace       used 33552K, capacity 34942K, committed 35200K, reserved 1079296K
  class space    used 4378K, capacity 4623K, committed 4736K, reserved 1048576K
Event: 6.431 GC heap after
Heap after GC invocations=12 (full 2):
 PSYoungGen      total 186880K, used 0K [0x00000000eb700000, 0x00000000f8100000, 0x0000000100000000)
  eden space 173056K, 0% used [0x00000000eb700000,0x00000000eb700000,0x00000000f6000000)
  from space 13824K, 0% used [0x00000000f6e80000,0x00000000f6e80000,0x00000000f7c00000)
  to   space 14848K, 0% used [0x00000000f6000000,0x00000000f6000000,0x00000000f6e80000)
 ParOldGen       total 51712K, used 22411K [0x00000000c2400000, 0x00000000c5680000, 0x00000000eb700000)
  object space 51712K, 43% used [0x00000000c2400000,0x00000000c39e2e70,0x00000000c5680000)
 Metaspace       used 33552K, capacity 34942K, committed 35200K, reserved 1079296K
  class space    used 4378K, capacity 4623K, committed 4736K, reserved 1048576K
}
Event: 15.651 GC heap before
{Heap before GC invocations=13 (full 2):
 PSYoungGen      total 186880K, used 173056K [0x00000000eb700000, 0x00000000f8100000, 0x0000000100000000)
  eden space 173056K, 100% used [0x00000000eb700000,0x00000000f6000000,0x00000000f6000000)
  from space 13824K, 0% used [0x00000000f6e80000,0x00000000f6e80000,0x00000000f7c00000)
  to   space 14848K, 0% used [0x00000000f6000000,0x00000000f6000000,0x00000000f6e80000)
 ParOldGen       total 51712K, used 22411K [0x00000000c2400000, 0x00000000c5680000, 0x00000000eb700000)
  object space 51712K, 43% used [0x00000000c2400000,0x00000000c39e2e70,0x00000000c5680000)
 Metaspace       used 43032K, capacity 44662K, committed 44928K, reserved 1087488K
  class space    used 5615K, capacity 5913K, committed 6016K, reserved 1048576K
Event: 15.692 GC heap after
Heap after GC invocations=13 (full 2):
 PSYoungGen      total 187904K, used 12889K [0x00000000eb700000, 0x00000000fc800000, 0x0000000100000000)
  eden space 173056K, 0% used [0x00000000eb700000,0x00000000eb700000,0x00000000f6000000)
  from space 14848K, 86% used [0x00000000f6000000,0x00000000f6c96508,0x00000000f6e80000)
  to   space 16384K, 0% used [0x00000000fb800000,0x00000000fb800000,0x00000000fc800000)
 ParOldGen       total 51712K, used 22419K [0x00000000c2400000, 0x00000000c5680000, 0x00000000eb700000)
  object space 51712K, 43% used [0x00000000c2400000,0x00000000c39e4e70,0x00000000c5680000)
 Metaspace       used 43032K, capacity 44662K, committed 44928K, reserved 1087488K
  class space    used 5615K, capacity 5913K, committed 6016K, reserved 1048576K
}

Deoptimization events (10 events):
Event: 7.870 Thread 0x0000000002815800 Uncommon trap: reason=unstable_if action=reinterpret pc=0x0000000003555874 method=org.springframework.beans.factory.support.DefaultSingletonBeanRegistry.getSingleton(Ljava/lang/String;Z)Ljava/lang/Object; @ 47
Event: 8.101 Thread 0x0000000002815800 Uncommon trap: reason=unstable_if action=reinterpret pc=0x0000000002d60520 method=java.lang.String.concat(Ljava/lang/String;)Ljava/lang/String; @ 6
Event: 8.296 Thread 0x0000000002815800 Uncommon trap: reason=unstable_if action=reinterpret pc=0x0000000002c9ff14 method=org.springframework.util.ConcurrentReferenceHashMap$Segment.clear()V @ 4
Event: 8.329 Thread 0x0000000002815800 Uncommon trap: reason=bimorphic action=maybe_recompile pc=0x00000000035940a8 method=java.util.Hashtable.get(Ljava/lang/Object;)Ljava/lang/Object; @ 6
Event: 8.329 Thread 0x0000000002815800 Uncommon trap: reason=bimorphic action=maybe_recompile pc=0x00000000035940a8 method=java.util.Hashtable.get(Ljava/lang/Object;)Ljava/lang/Object; @ 6
Event: 14.771 Thread 0x000000001b181800 Uncommon trap: reason=bimorphic action=maybe_recompile pc=0x0000000002a1d0fc method=java.util.AbstractList$Itr.next()Ljava/lang/Object; @ 14
Event: 14.772 Thread 0x000000001b181800 Uncommon trap: reason=bimorphic action=maybe_recompile pc=0x0000000002a1d0fc method=java.util.AbstractList$Itr.next()Ljava/lang/Object; @ 14
Event: 14.781 Thread 0x000000001b181800 Uncommon trap: reason=null_check action=make_not_entrant pc=0x00000000037eb68c method=org.springframework.core.annotation.AnnotatedElementUtils.searchWithFindSemantics(Ljava/lang/reflect/AnnotatedElement;Ljava/lang/Class;Ljava/lang/String;Ljava/lang/Class
Event: 15.112 Thread 0x000000001b181800 Uncommon trap: reason=unstable_if action=reinterpret pc=0x00000000031eb694 method=java.nio.Buffer.<init>(IIII)V @ 66
Event: 15.424 Thread 0x000000001b181800 Uncommon trap: reason=unstable_if action=reinterpret pc=0x0000000003175f14 method=java.lang.CharacterDataLatin1.digit(II)I @ 82

Classes redefined (0 events):
No events

Internal exceptions (10 events):
Event: 14.610 Thread 0x000000001b181800 Exception <a 'java/lang/ClassNotFoundException': java/lang/ObjectCustomizer> (0x00000000f52133f0) thrown at [C:\re\workspace\8-2-build-windows-amd64-cygwin\jdk8u211\12973\hotspot\src\share\vm\classfile\systemDictionary.cpp, line 210]
Event: 14.614 Thread 0x000000001b181800 Exception <a 'java/lang/ClassNotFoundException': org/springframework/web/servlet/view/DefaultRequestToViewNameTranslatorCustomizer> (0x00000000f5232ae8) thrown at [C:\re\workspace\8-2-build-windows-amd64-cygwin\jdk8u211\12973\hotspot\src\share\vm\classfil
Event: 14.617 Thread 0x000000001b181800 Exception <a 'java/lang/ClassNotFoundException': org/springframework/web/servlet/RequestToViewNameTranslatorCustomizer> (0x00000000f525d890) thrown at [C:\re\workspace\8-2-build-windows-amd64-cygwin\jdk8u211\12973\hotspot\src\share\vm\classfile\systemDict
Event: 14.632 Thread 0x000000001b181800 Exception <a 'java/lang/ClassNotFoundException': java/lang/ObjectCustomizer> (0x00000000f529c1c8) thrown at [C:\re\workspace\8-2-build-windows-amd64-cygwin\jdk8u211\12973\hotspot\src\share\vm\classfile\systemDictionary.cpp, line 210]
Event: 14.636 Thread 0x000000001b181800 Exception <a 'java/lang/ClassNotFoundException': org/springframework/web/servlet/support/AbstractFlashMapManagerCustomizer> (0x00000000f52b9930) thrown at [C:\re\workspace\8-2-build-windows-amd64-cygwin\jdk8u211\12973\hotspot\src\share\vm\classfile\system
Event: 14.647 Thread 0x000000001b181800 Exception <a 'java/lang/ClassNotFoundException': org/springframework/web/servlet/support/SessionFlashMapManagerCustomizer> (0x00000000f52daf98) thrown at [C:\re\workspace\8-2-build-windows-amd64-cygwin\jdk8u211\12973\hotspot\src\share\vm\classfile\systemD
Event: 14.649 Thread 0x000000001b181800 Exception <a 'java/lang/ClassNotFoundException': org/springframework/web/servlet/FlashMapManagerCustomizer> (0x00000000f52f3f50) thrown at [C:\re\workspace\8-2-build-windows-amd64-cygwin\jdk8u211\12973\hotspot\src\share\vm\classfile\systemDictionary.cpp, 
Event: 14.781 Thread 0x000000001b181800 Implicit null exception at 0x00000000037e0087 to 0x00000000037eb65d
Event: 15.406 Thread 0x000000001b181800 Implicit null exception at 0x0000000002e3b3cc to 0x0000000002e3c564
Event: 15.406 Thread 0x000000001b181800 Exception <a 'java/lang/NullPointerException'> (0x00000000f5a4bb80) thrown at [C:\re\workspace\8-2-build-windows-amd64-cygwin\jdk8u211\12973\hotspot\src\share\vm\runtime\sharedRuntime.cpp, line 605]

Events (10 events):
Event: 15.846 Executing VM operation: RevokeBias
Event: 15.846 Executing VM operation: RevokeBias done
Event: 15.850 loading class sun/security/ssl/SignatureAlgorithmsExtension
Event: 15.850 loading class sun/security/ssl/SignatureAlgorithmsExtension done
Event: 15.850 loading class sun/security/ssl/ExtendedMasterSecretExtension
Event: 15.850 loading class sun/security/ssl/ExtendedMasterSecretExtension done
Event: 15.850 loading class sun/security/ssl/ServerNameExtension
Event: 15.850 loading class sun/security/ssl/ServerNameExtension done
Event: 15.851 loading class sun/security/ssl/HandshakeStateManager$HandshakeState
Event: 15.851 loading class sun/security/ssl/HandshakeStateManager$HandshakeState done


Dynamic libraries:
0x00007ff7e6b90000 - 0x00007ff7e6bc7000 	C:\Program Files\Java\jre1.8.0_211\bin\javaw.exe
0x00007ffbb17a0000 - 0x00007ffbb198d000 	C:\WINDOWS\SYSTEM32\ntdll.dll
0x00007ffbaf650000 - 0x00007ffbaf703000 	C:\WINDOWS\System32\KERNEL32.DLL
0x00007ffbae380000 - 0x00007ffbae613000 	C:\WINDOWS\System32\KERNELBASE.dll
0x00007ffbaf480000 - 0x00007ffbaf523000 	C:\WINDOWS\System32\ADVAPI32.dll
0x00007ffbb16c0000 - 0x00007ffbb175e000 	C:\WINDOWS\System32\msvcrt.dll
0x00007ffbaf5b0000 - 0x00007ffbaf64e000 	C:\WINDOWS\System32\sechost.dll
0x00007ffbaf1f0000 - 0x00007ffbaf312000 	C:\WINDOWS\System32\RPCRT4.dll
0x00007ffbaeb00000 - 0x00007ffbaec97000 	C:\WINDOWS\System32\USER32.dll
0x00007ffbadc10000 - 0x00007ffbadc30000 	C:\WINDOWS\System32\win32u.dll
0x00007ffbae9f0000 - 0x00007ffbaea19000 	C:\WINDOWS\System32\GDI32.dll
0x00007ffbae720000 - 0x00007ffbae8b9000 	C:\WINDOWS\System32\gdi32full.dll
0x00007ffbae620000 - 0x00007ffbae6c0000 	C:\WINDOWS\System32\msvcp_win.dll
0x00007ffbae8c0000 - 0x00007ffbae9ba000 	C:\WINDOWS\System32\ucrtbase.dll
0x00007ffb92310000 - 0x00007ffb92589000 	C:\WINDOWS\WinSxS\amd64_microsoft.windows.common-controls_6595b64144ccf1df_6.0.17763.802_none_05b1445c0722d2cc\COMCTL32.dll
0x00007ffbb12e0000 - 0x00007ffbb160c000 	C:\WINDOWS\System32\combase.dll
0x00007ffbad890000 - 0x00007ffbad90e000 	C:\WINDOWS\System32\bcryptPrimitives.dll
0x00007ffbae9c0000 - 0x00007ffbae9ee000 	C:\WINDOWS\System32\IMM32.DLL
0x0000000058590000 - 0x0000000058662000 	C:\Program Files\Java\jre1.8.0_211\bin\msvcr100.dll
0x0000000057c10000 - 0x00000000584b5000 	C:\Program Files\Java\jre1.8.0_211\bin\server\jvm.dll
0x00007ffbb1760000 - 0x00007ffbb1768000 	C:\WINDOWS\System32\PSAPI.DLL
0x00007ffb96b60000 - 0x00007ffb96b69000 	C:\WINDOWS\SYSTEM32\WSOCK32.dll
0x00007ffb9e340000 - 0x00007ffb9e34a000 	C:\WINDOWS\SYSTEM32\VERSION.dll
0x00007ffbaea90000 - 0x00007ffbaeafd000 	C:\WINDOWS\System32\WS2_32.dll
0x00007ffbaa520000 - 0x00007ffbaa544000 	C:\WINDOWS\SYSTEM32\WINMM.dll
0x00007ffbaa4f0000 - 0x00007ffbaa51d000 	C:\WINDOWS\SYSTEM32\winmmbase.dll
0x00007ffbadb10000 - 0x00007ffbadb5a000 	C:\WINDOWS\System32\cfgmgr32.dll
0x00007ffbaa370000 - 0x00007ffbaa37f000 	C:\Program Files\Java\jre1.8.0_211\bin\verify.dll
0x00007ffb891e0000 - 0x00007ffb89209000 	C:\Program Files\Java\jre1.8.0_211\bin\java.dll
0x00007ffba42b0000 - 0x00007ffba42c6000 	C:\Program Files\Java\jre1.8.0_211\bin\zip.dll
0x00007ffbaf840000 - 0x00007ffbb0d34000 	C:\WINDOWS\System32\SHELL32.dll
0x00007ffbb1610000 - 0x00007ffbb16b8000 	C:\WINDOWS\System32\shcore.dll
0x00007ffbadc30000 - 0x00007ffbae37d000 	C:\WINDOWS\System32\windows.storage.dll
0x00007ffbad7d0000 - 0x00007ffbad7f4000 	C:\WINDOWS\System32\profapi.dll
0x00007ffbad800000 - 0x00007ffbad85d000 	C:\WINDOWS\System32\powrprof.dll
0x00007ffbaf550000 - 0x00007ffbaf5a2000 	C:\WINDOWS\System32\shlwapi.dll
0x00007ffbad790000 - 0x00007ffbad7a1000 	C:\WINDOWS\System32\kernel.appcore.dll
0x00007ffbad910000 - 0x00007ffbad927000 	C:\WINDOWS\System32\cryptsp.dll
0x00007ffb98d30000 - 0x00007ffb98d3d000 	C:\Program Files\Java\jre1.8.0_211\bin\management.dll
0x00007ffba0570000 - 0x00007ffba058a000 	C:\Program Files\Java\jre1.8.0_211\bin\net.dll
0x00007ffb9bb40000 - 0x00007ffb9bd17000 	C:\WINDOWS\SYSTEM32\urlmon.dll
0x00007ffb9bff0000 - 0x00007ffb9c298000 	C:\WINDOWS\SYSTEM32\iertutil.dll
0x00007ffbad170000 - 0x00007ffbad17c000 	C:\WINDOWS\SYSTEM32\CRYPTBASE.DLL
0x00007ffbacfa0000 - 0x00007ffbad007000 	C:\WINDOWS\system32\mswsock.dll
0x00007ffb91580000 - 0x00007ffb91596000 	C:\WINDOWS\system32\napinsp.dll
0x00007ffb91560000 - 0x00007ffb9157a000 	C:\WINDOWS\system32\pnrpnsp.dll
0x00007ffbacd00000 - 0x00007ffbacdc6000 	C:\WINDOWS\SYSTEM32\DNSAPI.dll
0x00007ffbaea20000 - 0x00007ffbaea28000 	C:\WINDOWS\System32\NSI.dll
0x00007ffbaccc0000 - 0x00007ffbaccfd000 	C:\WINDOWS\SYSTEM32\IPHLPAPI.DLL
0x00007ffb90f70000 - 0x00007ffb90f7e000 	C:\WINDOWS\System32\winrnr.dll
0x00007ffba9fd0000 - 0x00007ffba9feb000 	C:\WINDOWS\system32\NLAapi.dll
0x00007ffb9f7c0000 - 0x00007ffb9f7d5000 	C:\WINDOWS\system32\wshbth.dll
0x00007ffb992f0000 - 0x00007ffb992fa000 	C:\Windows\System32\rasadhlp.dll
0x00007ffb99b10000 - 0x00007ffb99b89000 	C:\WINDOWS\System32\fwpuclnt.dll
0x00007ffbad860000 - 0x00007ffbad886000 	C:\WINDOWS\System32\bcrypt.dll
0x00007ffb9adb0000 - 0x00007ffb9adc2000 	C:\Program Files\Java\jre1.8.0_211\bin\nio.dll
0x00007ffbacb20000 - 0x00007ffbacb53000 	C:\WINDOWS\system32\rsaenh.dll
0x00007ffbad6c0000 - 0x00007ffbad6e8000 	C:\WINDOWS\SYSTEM32\USERENV.dll
0x00007ffb9e320000 - 0x00007ffb9e336000 	C:\WINDOWS\SYSTEM32\dhcpcsvc6.DLL
0x00007ffb9f920000 - 0x00007ffb9f93c000 	C:\WINDOWS\SYSTEM32\dhcpcsvc.DLL
0x00007ffb887d0000 - 0x00007ffb887f4000 	C:\Program Files\Java\jre1.8.0_211\bin\sunec.dll
0x00007ffba4950000 - 0x00007ffba495b000 	C:\Program Files\Java\jre1.8.0_211\bin\sunmscapi.dll
0x00007ffbad930000 - 0x00007ffbadb0b000 	C:\WINDOWS\System32\CRYPT32.dll
0x00007ffbad7b0000 - 0x00007ffbad7c2000 	C:\WINDOWS\System32\MSASN1.dll

VM Arguments:
jvm_args: -Dfile.encoding=UTF-8 
java_command: co.edu.javeriana.eko.EkoSpringServerApplication
java_class_path (initial): C:\Users\claro\Documents\GitHub\Eko\EkoSpringServer\target\classes;C:\Users\claro\.m2\repository\org\mongodb\mongo-java-driver\3.11.0\mongo-java-driver-3.11.0.jar;C:\Users\claro\.m2\repository\org\postgresql\postgresql\42.2.1\postgresql-42.2.1.jar;C:\Users\claro\.m2\repository\org\springframework\boot\spring-boot-starter-thymeleaf\2.0.0.RELEASE\spring-boot-starter-thymeleaf-2.0.0.RELEASE.jar;C:\Users\claro\.m2\repository\org\springframework\boot\spring-boot-starter\2.0.0.RELEASE\spring-boot-starter-2.0.0.RELEASE.jar;C:\Users\claro\.m2\repository\org\springframework\boot\spring-boot\2.0.0.RELEASE\spring-boot-2.0.0.RELEASE.jar;C:\Users\claro\.m2\repository\org\springframework\boot\spring-boot-autoconfigure\2.0.0.RELEASE\spring-boot-autoconfigure-2.0.0.RELEASE.jar;C:\Users\claro\.m2\repository\org\springframework\boot\spring-boot-starter-logging\2.0.0.RELEASE\spring-boot-starter-logging-2.0.0.RELEASE.jar;C:\Users\claro\.m2\repository\ch\qos\logback\logback-classic\1.2.3\logback-classic-1.2.3.jar;C:\Users\claro\.m2\repository\ch\qos\logback\logback-core\1.2.3\logback-core-1.2.3.jar;C:\Users\claro\.m2\repository\org\apache\logging\log4j\log4j-to-slf4j\2.10.0\log4j-to-slf4j-2.10.0.jar;C:\Users\claro\.m2\repository\org\apache\logging\log4j\log4j-api\2.10.0\log4j-api-2.10.0.jar;C:\Users\claro\.m2\repository\org\slf4j\jul-to-slf4j\1.7.25\jul-to-slf4j-1.7.25.jar;C:\Users\claro\.m2\repository\javax\annotation\javax.annotation-api\1.3.2\javax.annotation-api-1.3.2.jar;C:\Users\claro\.m2\repository\org\yaml\snakeyaml\1.19\snakeyaml-1.19.jar;C:\Users\claro\.m2\repository\org\thymeleaf\thymeleaf-spring5\3.0.9.RELEASE\thymeleaf-spring5-3.0.9.RELEASE.jar;C:\Users\claro\.m2\repository\org\thymeleaf\thymeleaf\3.0.9.RELEASE\thymeleaf-3.0.9.RELEASE.jar;C:\Users\claro\.m2\repository\org\attoparser\attoparser\2.0.4.RELEASE\attoparser-2.0.4.RELEASE.jar;C:\Users\claro\.m2\repository\org\unbescape\unbescape\1.1.5.RELEASE\unbescape-1.1.5.RELEASE.jar;C:\Users\claro\
Launcher Type: SUN_STANDARD

Environment Variables:
PATH=C:/Program Files/Java/jre1.8.0_211/bin/server;C:/Program Files/Java/jre1.8.0_211/bin;C:/Program Files/Java/jre1.8.0_211/lib/amd64;C:\ProgramData\Oracle\Java\javapath;C:\Program Files (x86)\Common Files\Intel\Shared Files\cpp\bin\Intel64;C:\Program Files (x86)\Common Files\Oracle\Java\javapath;C:\Program Files (x86)\Intel\iCLS Client\;C:\Program Files\Intel\iCLS Client\;C:\WINDOWS\system32;C:\WINDOWS;C:\WINDOWS\System32\Wbem;C:\WINDOWS\System32\WindowsPowerShell\v1.0\;C:\Program Files (x86)\Intel\Intel(R) Management Engine Components\DAL;C:\Program Files\Intel\Intel(R) Management Engine Components\DAL;C:\Program Files (x86)\Intel\Intel(R) Management Engine Components\IPT;C:\Program Files\Intel\Intel(R) Management Engine Components\IPT;C:\Program Files (x86)\Windows Live\Shared;C:\Program Files\dotnet\;C:\Program Files\Microsoft SQL Server\130\Tools\Binn\;C:\WINDOWS\System32\OpenSSH\;C:\Program Files\Microsoft VS Code\bin;C:\Program Files\Microsoft SQL Server\Client SDK\ODBC\130\Tools\Binn\;C:\Program Files (x86)\Microsoft SQL Server\130\Tools\Binn\;C:\Program Files\Microsoft SQL Server\130\DTS\Binn\;C:\Go\bin;C:\Program Files\Microsoft SQL Server\Client SDK\ODBC\170\Tools\Binn\;C:\Program Files\nodejs\;C:\Program Files\IBM\SPSS\Statistics\Subscription\JRE\bin;C:\xampp\php;C:\ProgramData\ComposerSetup\bin;C:\Program Files\Git\cmd;C:\Program Files\Git\mingw64\bin;C:\Program Files\Git\usr\bin;C:\Program Files\Intel\WiFi\bin\;C:\Program Files\Common Files\Intel\WirelessCommon\;C:\Program Files (x86)\Yarn\bin\;C:\Users\claro\AppData\Local\Microsoft\WindowsApps;C:\Program Files\Microsoft VS Code\bin;C:\Users\claro\AppData\Local\Microsoft\WindowsApps;C:\Users\claro\go\bin;C:\Users\claro\AppData\Roaming\npm;C:\Users\claro\AppData\Local\GitHubDesktop\bin;C:\Program Files\JetBrains\PhpStorm 191.6707.42\bin;;C:\Users\claro\AppData\Roaming\Composer\vendor\bin;C:\Users\claro\AppData\Local\Yarn\bin;C:\WINDOWS\system32;
USERNAME=claro
OS=Windows_NT
PROCESSOR_IDENTIFIER=Intel64 Family 6 Model 142 Stepping 9, GenuineIntel



---------------  S Y S T E M  ---------------

OS: Windows 10.0 , 64 bit Build 17763 (10.0.17763.475)

CPU:total 4 (initial active 4) (2 cores per cpu, 2 threads per core) family 6 model 142 stepping 9, cmov, cx8, fxsr, mmx, sse, sse2, sse3, ssse3, sse4.1, sse4.2, popcnt, avx, avx2, aes, clmul, erms, 3dnowpref, lzcnt, ht, tsc, tscinvbit, bmi1, bmi2, adx

Memory: 4k page, physical 4041380k(432652k free), swap 8894708k(14664k free)

vm_info: Java HotSpot(TM) 64-Bit Server VM (25.211-b12) for windows-amd64 JRE (1.8.0_211-b12), built on Apr  1 2019 20:53:26 by "java_re" with MS VC++ 10.0 (VS2010)

time: Sun Nov 17 18:10:43 2019
timezone: Hora est. Pacífico, Sudamérica
elapsed time: 16 seconds (0d 0h 0m 16s)

